[2020-07-18 09:30:48,680] DEBUG preRegister called. Server=com.sun.jmx.mbeanserver.JmxMBeanServer@25618e91, name=log4j:logger=kafka.controller (kafka.controller)
[2020-07-18 09:31:02,314] INFO [ControllerEventThread controllerId=0] Starting (kafka.controller.ControllerEventManager$ControllerEventThread)
[2020-07-18 09:31:02,396] INFO [Controller id=0] 0 successfully elected as the controller. Epoch incremented to 1 and epoch zk version is now 1 (kafka.controller.KafkaController)
[2020-07-18 09:31:02,396] INFO [Controller id=0] Registering handlers (kafka.controller.KafkaController)
[2020-07-18 09:31:02,399] INFO [Controller id=0] Deleting log dir event notifications (kafka.controller.KafkaController)
[2020-07-18 09:31:02,401] INFO [Controller id=0] Deleting isr change notifications (kafka.controller.KafkaController)
[2020-07-18 09:31:02,428] INFO [Controller id=0] Initializing controller context (kafka.controller.KafkaController)
[2020-07-18 09:31:02,447] INFO [Controller id=0] Initialized broker epochs cache: Map(0 -> 24) (kafka.controller.KafkaController)
[2020-07-18 09:31:02,450] DEBUG [Controller id=0] Register BrokerModifications handler for Set(0) (kafka.controller.KafkaController)
[2020-07-18 09:31:02,453] DEBUG [Channel manager on controller 0]: Controller 0 trying to connect to broker 0 (kafka.controller.ControllerChannelManager)
[2020-07-18 09:31:02,463] INFO [Controller id=0] Currently active brokers in the cluster: Set(0) (kafka.controller.KafkaController)
[2020-07-18 09:31:02,464] INFO [Controller id=0] Currently shutting brokers in the cluster: Set() (kafka.controller.KafkaController)
[2020-07-18 09:31:02,464] INFO [Controller id=0] Current list of topics in the cluster: Set() (kafka.controller.KafkaController)
[2020-07-18 09:31:02,464] INFO [RequestSendThread controllerId=0] Starting (kafka.controller.RequestSendThread)
[2020-07-18 09:31:02,465] INFO [Controller id=0] Fetching topic deletions in progress (kafka.controller.KafkaController)
[2020-07-18 09:31:02,467] INFO [Controller id=0] List of topics to be deleted:  (kafka.controller.KafkaController)
[2020-07-18 09:31:02,467] INFO [Controller id=0] List of topics ineligible for deletion:  (kafka.controller.KafkaController)
[2020-07-18 09:31:02,467] INFO [Controller id=0] Initializing topic deletion manager (kafka.controller.KafkaController)
[2020-07-18 09:31:02,467] INFO [Topic Deletion Manager 0] Initializing manager with initial deletions: Set(), initial ineligible deletions: Set() (kafka.controller.TopicDeletionManager)
[2020-07-18 09:31:02,468] INFO [Controller id=0] Sending update metadata request (kafka.controller.KafkaController)
[2020-07-18 09:31:02,476] INFO [ReplicaStateMachine controllerId=0] Initializing replica state (kafka.controller.ZkReplicaStateMachine)
[2020-07-18 09:31:02,476] INFO [ReplicaStateMachine controllerId=0] Triggering online replica state changes (kafka.controller.ZkReplicaStateMachine)
[2020-07-18 09:31:02,479] INFO [ReplicaStateMachine controllerId=0] Triggering offline replica state changes (kafka.controller.ZkReplicaStateMachine)
[2020-07-18 09:31:02,480] DEBUG [ReplicaStateMachine controllerId=0] Started replica state machine with initial state -> Map() (kafka.controller.ZkReplicaStateMachine)
[2020-07-18 09:31:02,480] INFO [PartitionStateMachine controllerId=0] Initializing partition state (kafka.controller.ZkPartitionStateMachine)
[2020-07-18 09:31:02,480] INFO [PartitionStateMachine controllerId=0] Triggering online partition state changes (kafka.controller.ZkPartitionStateMachine)
[2020-07-18 09:31:02,481] INFO [RequestSendThread controllerId=0] Controller 0 connected to localhost:9092 (id: 0 rack: null) for sending state change requests (kafka.controller.RequestSendThread)
[2020-07-18 09:31:02,486] DEBUG [PartitionStateMachine controllerId=0] Started partition state machine with initial state -> Map() (kafka.controller.ZkPartitionStateMachine)
[2020-07-18 09:31:02,486] INFO [Controller id=0] Ready to serve as the new controller with epoch 1 (kafka.controller.KafkaController)
[2020-07-18 09:31:02,489] INFO [Controller id=0] Partitions undergoing preferred replica election:  (kafka.controller.KafkaController)
[2020-07-18 09:31:02,490] INFO [Controller id=0] Partitions that completed preferred replica election:  (kafka.controller.KafkaController)
[2020-07-18 09:31:02,490] INFO [Controller id=0] Skipping preferred replica election for partitions due to topic deletion:  (kafka.controller.KafkaController)
[2020-07-18 09:31:02,491] INFO [Controller id=0] Resuming preferred replica election for partitions:  (kafka.controller.KafkaController)
[2020-07-18 09:31:02,491] INFO [Controller id=0] Starting replica leader election (PREFERRED) for partitions  triggered by ZkTriggered (kafka.controller.KafkaController)
[2020-07-18 09:31:02,527] INFO [Controller id=0] Starting the controller scheduler (kafka.controller.KafkaController)
[2020-07-18 09:31:07,530] INFO [Controller id=0] Processing automatic preferred replica leader election (kafka.controller.KafkaController)
[2020-07-18 09:31:07,530] TRACE [Controller id=0] Checking need to trigger auto leader balancing (kafka.controller.KafkaController)
[2020-07-18 09:35:58,652] INFO [Controller id=0] New topics: [Set(p13-system-offer)], deleted topics: [Set()], new partition replica assignment [Map(p13-system-offer-0 -> ReplicaAssignment(replicas=0, addingReplicas=, removingReplicas=))] (kafka.controller.KafkaController)
[2020-07-18 09:35:58,653] INFO [Controller id=0] New partition creation callback for p13-system-offer-0 (kafka.controller.KafkaController)
[2020-07-18 09:36:07,532] INFO [Controller id=0] Processing automatic preferred replica leader election (kafka.controller.KafkaController)
[2020-07-18 09:36:07,532] TRACE [Controller id=0] Checking need to trigger auto leader balancing (kafka.controller.KafkaController)
[2020-07-18 09:36:07,533] DEBUG [Controller id=0] Topics not in preferred replica for broker 0 Map() (kafka.controller.KafkaController)
[2020-07-18 09:36:07,533] TRACE [Controller id=0] Leader imbalance ratio for broker 0 is 0.0 (kafka.controller.KafkaController)
[2020-07-18 09:41:07,535] INFO [Controller id=0] Processing automatic preferred replica leader election (kafka.controller.KafkaController)
[2020-07-18 09:41:07,535] TRACE [Controller id=0] Checking need to trigger auto leader balancing (kafka.controller.KafkaController)
[2020-07-18 09:41:07,535] DEBUG [Controller id=0] Topics not in preferred replica for broker 0 Map() (kafka.controller.KafkaController)
[2020-07-18 09:41:07,535] TRACE [Controller id=0] Leader imbalance ratio for broker 0 is 0.0 (kafka.controller.KafkaController)
[2020-07-18 09:44:22,312] DEBUG preRegister called. Server=com.sun.jmx.mbeanserver.JmxMBeanServer@25618e91, name=log4j:logger=kafka.controller (kafka.controller)
[2020-07-18 09:44:53,211] INFO [ControllerEventThread controllerId=0] Starting (kafka.controller.ControllerEventManager$ControllerEventThread)
[2020-07-18 09:44:53,250] INFO [Controller id=0] 0 successfully elected as the controller. Epoch incremented to 2 and epoch zk version is now 2 (kafka.controller.KafkaController)
[2020-07-18 09:44:53,250] INFO [Controller id=0] Registering handlers (kafka.controller.KafkaController)
[2020-07-18 09:44:53,253] INFO [Controller id=0] Deleting log dir event notifications (kafka.controller.KafkaController)
[2020-07-18 09:44:53,256] INFO [Controller id=0] Deleting isr change notifications (kafka.controller.KafkaController)
[2020-07-18 09:44:53,283] INFO [Controller id=0] Initializing controller context (kafka.controller.KafkaController)
[2020-07-18 09:44:53,291] INFO [Controller id=0] Initialized broker epochs cache: Map(0 -> 82) (kafka.controller.KafkaController)
[2020-07-18 09:44:53,295] DEBUG [Controller id=0] Register BrokerModifications handler for Set(0) (kafka.controller.KafkaController)
[2020-07-18 09:44:53,302] DEBUG [Channel manager on controller 0]: Controller 0 trying to connect to broker 0 (kafka.controller.ControllerChannelManager)
[2020-07-18 09:44:53,312] INFO [RequestSendThread controllerId=0] Starting (kafka.controller.RequestSendThread)
[2020-07-18 09:44:53,312] INFO [Controller id=0] Currently active brokers in the cluster: Set(0) (kafka.controller.KafkaController)
[2020-07-18 09:44:53,312] INFO [Controller id=0] Currently shutting brokers in the cluster: Set() (kafka.controller.KafkaController)
[2020-07-18 09:44:53,316] INFO [Controller id=0] Current list of topics in the cluster: Set(p13-system-offer) (kafka.controller.KafkaController)
[2020-07-18 09:44:53,316] INFO [Controller id=0] Fetching topic deletions in progress (kafka.controller.KafkaController)
[2020-07-18 09:44:53,319] INFO [Controller id=0] List of topics to be deleted:  (kafka.controller.KafkaController)
[2020-07-18 09:44:53,319] INFO [Controller id=0] List of topics ineligible for deletion:  (kafka.controller.KafkaController)
[2020-07-18 09:44:53,320] INFO [Controller id=0] Initializing topic deletion manager (kafka.controller.KafkaController)
[2020-07-18 09:44:53,320] INFO [Topic Deletion Manager 0] Initializing manager with initial deletions: Set(), initial ineligible deletions: Set() (kafka.controller.TopicDeletionManager)
[2020-07-18 09:44:53,320] INFO [Controller id=0] Sending update metadata request (kafka.controller.KafkaController)
[2020-07-18 09:44:53,328] INFO [ReplicaStateMachine controllerId=0] Initializing replica state (kafka.controller.ZkReplicaStateMachine)
[2020-07-18 09:44:53,332] INFO [ReplicaStateMachine controllerId=0] Triggering online replica state changes (kafka.controller.ZkReplicaStateMachine)
[2020-07-18 09:44:53,332] INFO [RequestSendThread controllerId=0] Controller 0 connected to localhost:9092 (id: 0 rack: null) for sending state change requests (kafka.controller.RequestSendThread)
[2020-07-18 09:44:53,350] INFO [ReplicaStateMachine controllerId=0] Triggering offline replica state changes (kafka.controller.ZkReplicaStateMachine)
[2020-07-18 09:44:53,350] DEBUG [ReplicaStateMachine controllerId=0] Started replica state machine with initial state -> Map([Topic=p13-system-offer,Partition=0,Replica=0] -> OnlineReplica) (kafka.controller.ZkReplicaStateMachine)
[2020-07-18 09:44:53,350] INFO [PartitionStateMachine controllerId=0] Initializing partition state (kafka.controller.ZkPartitionStateMachine)
[2020-07-18 09:44:53,352] INFO [PartitionStateMachine controllerId=0] Triggering online partition state changes (kafka.controller.ZkPartitionStateMachine)
[2020-07-18 09:44:53,355] DEBUG [PartitionStateMachine controllerId=0] Started partition state machine with initial state -> Map(p13-system-offer-0 -> OnlinePartition) (kafka.controller.ZkPartitionStateMachine)
[2020-07-18 09:44:53,355] INFO [Controller id=0] Ready to serve as the new controller with epoch 2 (kafka.controller.KafkaController)
[2020-07-18 09:44:53,360] INFO [Controller id=0] Partitions undergoing preferred replica election:  (kafka.controller.KafkaController)
[2020-07-18 09:44:53,360] INFO [Controller id=0] Partitions that completed preferred replica election:  (kafka.controller.KafkaController)
[2020-07-18 09:44:53,360] INFO [Controller id=0] Skipping preferred replica election for partitions due to topic deletion:  (kafka.controller.KafkaController)
[2020-07-18 09:44:53,360] INFO [Controller id=0] Resuming preferred replica election for partitions:  (kafka.controller.KafkaController)
[2020-07-18 09:44:53,361] INFO [Controller id=0] Starting replica leader election (PREFERRED) for partitions  triggered by ZkTriggered (kafka.controller.KafkaController)
[2020-07-18 09:44:53,390] INFO [Controller id=0] Starting the controller scheduler (kafka.controller.KafkaController)
[2020-07-18 09:44:58,392] INFO [Controller id=0] Processing automatic preferred replica leader election (kafka.controller.KafkaController)
[2020-07-18 09:44:58,392] TRACE [Controller id=0] Checking need to trigger auto leader balancing (kafka.controller.KafkaController)
[2020-07-18 09:44:58,394] DEBUG [Controller id=0] Topics not in preferred replica for broker 0 Map() (kafka.controller.KafkaController)
[2020-07-18 09:44:58,394] TRACE [Controller id=0] Leader imbalance ratio for broker 0 is 0.0 (kafka.controller.KafkaController)
[2020-07-18 09:47:09,267] DEBUG preRegister called. Server=com.sun.jmx.mbeanserver.JmxMBeanServer@25618e91, name=log4j:logger=kafka.controller (kafka.controller)
[2020-07-18 09:47:32,859] INFO [ControllerEventThread controllerId=0] Starting (kafka.controller.ControllerEventManager$ControllerEventThread)
[2020-07-18 09:47:32,898] INFO [Controller id=0] 0 successfully elected as the controller. Epoch incremented to 3 and epoch zk version is now 3 (kafka.controller.KafkaController)
[2020-07-18 09:47:32,899] INFO [Controller id=0] Registering handlers (kafka.controller.KafkaController)
[2020-07-18 09:47:32,901] INFO [Controller id=0] Deleting log dir event notifications (kafka.controller.KafkaController)
[2020-07-18 09:47:32,904] INFO [Controller id=0] Deleting isr change notifications (kafka.controller.KafkaController)
[2020-07-18 09:47:32,931] INFO [Controller id=0] Initializing controller context (kafka.controller.KafkaController)
[2020-07-18 09:47:32,939] INFO [Controller id=0] Initialized broker epochs cache: Map(0 -> 149) (kafka.controller.KafkaController)
[2020-07-18 09:47:32,944] DEBUG [Controller id=0] Register BrokerModifications handler for Set(0) (kafka.controller.KafkaController)
[2020-07-18 09:47:32,950] DEBUG [Channel manager on controller 0]: Controller 0 trying to connect to broker 0 (kafka.controller.ControllerChannelManager)
[2020-07-18 09:47:32,962] INFO [RequestSendThread controllerId=0] Starting (kafka.controller.RequestSendThread)
[2020-07-18 09:47:32,962] INFO [Controller id=0] Currently active brokers in the cluster: Set(0) (kafka.controller.KafkaController)
[2020-07-18 09:47:32,963] INFO [Controller id=0] Currently shutting brokers in the cluster: Set() (kafka.controller.KafkaController)
[2020-07-18 09:47:32,963] INFO [Controller id=0] Current list of topics in the cluster: Set(p13-system-offer) (kafka.controller.KafkaController)
[2020-07-18 09:47:32,963] INFO [Controller id=0] Fetching topic deletions in progress (kafka.controller.KafkaController)
[2020-07-18 09:47:32,966] INFO [Controller id=0] List of topics to be deleted:  (kafka.controller.KafkaController)
[2020-07-18 09:47:32,966] INFO [Controller id=0] List of topics ineligible for deletion:  (kafka.controller.KafkaController)
[2020-07-18 09:47:32,967] INFO [Controller id=0] Initializing topic deletion manager (kafka.controller.KafkaController)
[2020-07-18 09:47:32,967] INFO [Topic Deletion Manager 0] Initializing manager with initial deletions: Set(), initial ineligible deletions: Set() (kafka.controller.TopicDeletionManager)
[2020-07-18 09:47:32,967] INFO [Controller id=0] Sending update metadata request (kafka.controller.KafkaController)
[2020-07-18 09:47:32,975] INFO [ReplicaStateMachine controllerId=0] Initializing replica state (kafka.controller.ZkReplicaStateMachine)
[2020-07-18 09:47:32,977] INFO [ReplicaStateMachine controllerId=0] Triggering online replica state changes (kafka.controller.ZkReplicaStateMachine)
[2020-07-18 09:47:32,979] INFO [RequestSendThread controllerId=0] Controller 0 connected to localhost:9092 (id: 0 rack: null) for sending state change requests (kafka.controller.RequestSendThread)
[2020-07-18 09:47:32,992] INFO [ReplicaStateMachine controllerId=0] Triggering offline replica state changes (kafka.controller.ZkReplicaStateMachine)
[2020-07-18 09:47:32,992] DEBUG [ReplicaStateMachine controllerId=0] Started replica state machine with initial state -> Map([Topic=p13-system-offer,Partition=0,Replica=0] -> OnlineReplica) (kafka.controller.ZkReplicaStateMachine)
[2020-07-18 09:47:32,993] INFO [PartitionStateMachine controllerId=0] Initializing partition state (kafka.controller.ZkPartitionStateMachine)
[2020-07-18 09:47:32,995] INFO [PartitionStateMachine controllerId=0] Triggering online partition state changes (kafka.controller.ZkPartitionStateMachine)
[2020-07-18 09:47:32,998] DEBUG [PartitionStateMachine controllerId=0] Started partition state machine with initial state -> Map(p13-system-offer-0 -> OnlinePartition) (kafka.controller.ZkPartitionStateMachine)
[2020-07-18 09:47:32,999] INFO [Controller id=0] Ready to serve as the new controller with epoch 3 (kafka.controller.KafkaController)
[2020-07-18 09:47:33,004] INFO [Controller id=0] Partitions undergoing preferred replica election:  (kafka.controller.KafkaController)
[2020-07-18 09:47:33,005] INFO [Controller id=0] Partitions that completed preferred replica election:  (kafka.controller.KafkaController)
[2020-07-18 09:47:33,005] INFO [Controller id=0] Skipping preferred replica election for partitions due to topic deletion:  (kafka.controller.KafkaController)
[2020-07-18 09:47:33,005] INFO [Controller id=0] Resuming preferred replica election for partitions:  (kafka.controller.KafkaController)
[2020-07-18 09:47:33,006] INFO [Controller id=0] Starting replica leader election (PREFERRED) for partitions  triggered by ZkTriggered (kafka.controller.KafkaController)
[2020-07-18 09:47:33,038] INFO [Controller id=0] Starting the controller scheduler (kafka.controller.KafkaController)
[2020-07-18 09:47:38,040] INFO [Controller id=0] Processing automatic preferred replica leader election (kafka.controller.KafkaController)
[2020-07-18 09:47:38,040] TRACE [Controller id=0] Checking need to trigger auto leader balancing (kafka.controller.KafkaController)
[2020-07-18 09:47:38,042] DEBUG [Controller id=0] Topics not in preferred replica for broker 0 Map() (kafka.controller.KafkaController)
[2020-07-18 09:47:38,042] TRACE [Controller id=0] Leader imbalance ratio for broker 0 is 0.0 (kafka.controller.KafkaController)
[2020-07-18 09:52:38,043] INFO [Controller id=0] Processing automatic preferred replica leader election (kafka.controller.KafkaController)
[2020-07-18 09:52:38,043] TRACE [Controller id=0] Checking need to trigger auto leader balancing (kafka.controller.KafkaController)
[2020-07-18 09:52:38,043] DEBUG [Controller id=0] Topics not in preferred replica for broker 0 Map() (kafka.controller.KafkaController)
[2020-07-18 09:52:38,043] TRACE [Controller id=0] Leader imbalance ratio for broker 0 is 0.0 (kafka.controller.KafkaController)
[2020-07-18 09:54:14,036] DEBUG preRegister called. Server=com.sun.jmx.mbeanserver.JmxMBeanServer@25618e91, name=log4j:logger=kafka.controller (kafka.controller)
[2020-07-18 09:54:36,785] INFO [ControllerEventThread controllerId=0] Starting (kafka.controller.ControllerEventManager$ControllerEventThread)
[2020-07-18 09:54:36,830] INFO [Controller id=0] 0 successfully elected as the controller. Epoch incremented to 4 and epoch zk version is now 4 (kafka.controller.KafkaController)
[2020-07-18 09:54:36,830] INFO [Controller id=0] Registering handlers (kafka.controller.KafkaController)
[2020-07-18 09:54:36,833] INFO [Controller id=0] Deleting log dir event notifications (kafka.controller.KafkaController)
[2020-07-18 09:54:36,836] INFO [Controller id=0] Deleting isr change notifications (kafka.controller.KafkaController)
[2020-07-18 09:54:36,838] INFO [Controller id=0] Initializing controller context (kafka.controller.KafkaController)
[2020-07-18 09:54:36,846] INFO [Controller id=0] Initialized broker epochs cache: Map(0 -> 216) (kafka.controller.KafkaController)
[2020-07-18 09:54:36,879] DEBUG [Controller id=0] Register BrokerModifications handler for Set(0) (kafka.controller.KafkaController)
[2020-07-18 09:54:36,886] DEBUG [Channel manager on controller 0]: Controller 0 trying to connect to broker 0 (kafka.controller.ControllerChannelManager)
[2020-07-18 09:54:36,892] INFO [Controller id=0] Currently active brokers in the cluster: Set(0) (kafka.controller.KafkaController)
[2020-07-18 09:54:36,892] INFO [RequestSendThread controllerId=0] Starting (kafka.controller.RequestSendThread)
[2020-07-18 09:54:36,893] INFO [Controller id=0] Currently shutting brokers in the cluster: Set() (kafka.controller.KafkaController)
[2020-07-18 09:54:36,893] INFO [Controller id=0] Current list of topics in the cluster: Set(p13-system-offer) (kafka.controller.KafkaController)
[2020-07-18 09:54:36,893] INFO [Controller id=0] Fetching topic deletions in progress (kafka.controller.KafkaController)
[2020-07-18 09:54:36,896] INFO [Controller id=0] List of topics to be deleted:  (kafka.controller.KafkaController)
[2020-07-18 09:54:36,897] INFO [Controller id=0] List of topics ineligible for deletion:  (kafka.controller.KafkaController)
[2020-07-18 09:54:36,897] INFO [Controller id=0] Initializing topic deletion manager (kafka.controller.KafkaController)
[2020-07-18 09:54:36,897] INFO [Topic Deletion Manager 0] Initializing manager with initial deletions: Set(), initial ineligible deletions: Set() (kafka.controller.TopicDeletionManager)
[2020-07-18 09:54:36,898] INFO [Controller id=0] Sending update metadata request (kafka.controller.KafkaController)
[2020-07-18 09:54:36,914] INFO [ReplicaStateMachine controllerId=0] Initializing replica state (kafka.controller.ZkReplicaStateMachine)
[2020-07-18 09:54:36,916] INFO [ReplicaStateMachine controllerId=0] Triggering online replica state changes (kafka.controller.ZkReplicaStateMachine)
[2020-07-18 09:54:36,918] INFO [RequestSendThread controllerId=0] Controller 0 connected to localhost:9092 (id: 0 rack: null) for sending state change requests (kafka.controller.RequestSendThread)
[2020-07-18 09:54:36,933] INFO [ReplicaStateMachine controllerId=0] Triggering offline replica state changes (kafka.controller.ZkReplicaStateMachine)
[2020-07-18 09:54:36,933] DEBUG [ReplicaStateMachine controllerId=0] Started replica state machine with initial state -> Map([Topic=p13-system-offer,Partition=0,Replica=0] -> OnlineReplica) (kafka.controller.ZkReplicaStateMachine)
[2020-07-18 09:54:36,933] INFO [PartitionStateMachine controllerId=0] Initializing partition state (kafka.controller.ZkPartitionStateMachine)
[2020-07-18 09:54:36,936] INFO [PartitionStateMachine controllerId=0] Triggering online partition state changes (kafka.controller.ZkPartitionStateMachine)
[2020-07-18 09:54:36,940] DEBUG [PartitionStateMachine controllerId=0] Started partition state machine with initial state -> Map(p13-system-offer-0 -> OnlinePartition) (kafka.controller.ZkPartitionStateMachine)
[2020-07-18 09:54:36,940] INFO [Controller id=0] Ready to serve as the new controller with epoch 4 (kafka.controller.KafkaController)
[2020-07-18 09:54:36,946] INFO [Controller id=0] Partitions undergoing preferred replica election:  (kafka.controller.KafkaController)
[2020-07-18 09:54:36,946] INFO [Controller id=0] Partitions that completed preferred replica election:  (kafka.controller.KafkaController)
[2020-07-18 09:54:36,946] INFO [Controller id=0] Skipping preferred replica election for partitions due to topic deletion:  (kafka.controller.KafkaController)
[2020-07-18 09:54:36,946] INFO [Controller id=0] Resuming preferred replica election for partitions:  (kafka.controller.KafkaController)
[2020-07-18 09:54:36,947] INFO [Controller id=0] Starting replica leader election (PREFERRED) for partitions  triggered by ZkTriggered (kafka.controller.KafkaController)
[2020-07-18 09:54:36,979] INFO [Controller id=0] Starting the controller scheduler (kafka.controller.KafkaController)
[2020-07-18 09:54:41,981] INFO [Controller id=0] Processing automatic preferred replica leader election (kafka.controller.KafkaController)
[2020-07-18 09:54:41,981] TRACE [Controller id=0] Checking need to trigger auto leader balancing (kafka.controller.KafkaController)
[2020-07-18 09:54:41,983] DEBUG [Controller id=0] Topics not in preferred replica for broker 0 Map() (kafka.controller.KafkaController)
[2020-07-18 09:54:41,983] TRACE [Controller id=0] Leader imbalance ratio for broker 0 is 0.0 (kafka.controller.KafkaController)
[2020-07-18 09:59:41,985] INFO [Controller id=0] Processing automatic preferred replica leader election (kafka.controller.KafkaController)
[2020-07-18 09:59:41,985] TRACE [Controller id=0] Checking need to trigger auto leader balancing (kafka.controller.KafkaController)
[2020-07-18 09:59:41,985] DEBUG [Controller id=0] Topics not in preferred replica for broker 0 Map() (kafka.controller.KafkaController)
[2020-07-18 09:59:41,985] TRACE [Controller id=0] Leader imbalance ratio for broker 0 is 0.0 (kafka.controller.KafkaController)
