[2020-06-22 11:56:04,992] INFO Starting the log cleaner (kafka.log.LogCleaner)
[2020-06-22 11:56:05,026] INFO [kafka-log-cleaner-thread-0]: Starting (kafka.log.LogCleaner)
[2020-06-22 13:10:01,102] INFO Shutting down the log cleaner. (kafka.log.LogCleaner)
[2020-06-22 13:10:01,104] INFO [kafka-log-cleaner-thread-0]: Shutting down (kafka.log.LogCleaner)
[2020-06-22 13:10:01,104] INFO [kafka-log-cleaner-thread-0]: Stopped (kafka.log.LogCleaner)
[2020-06-22 13:10:01,105] INFO [kafka-log-cleaner-thread-0]: Shutdown completed (kafka.log.LogCleaner)
[2020-06-22 13:10:15,529] INFO Starting the log cleaner (kafka.log.LogCleaner)
[2020-06-22 13:10:15,566] INFO [kafka-log-cleaner-thread-0]: Starting (kafka.log.LogCleaner)
[2020-06-22 13:10:15,937] INFO Shutting down the log cleaner. (kafka.log.LogCleaner)
[2020-06-22 13:10:15,937] INFO [kafka-log-cleaner-thread-0]: Shutting down (kafka.log.LogCleaner)
[2020-06-22 13:10:15,938] INFO [kafka-log-cleaner-thread-0]: Stopped (kafka.log.LogCleaner)
[2020-06-22 13:10:15,938] INFO [kafka-log-cleaner-thread-0]: Shutdown completed (kafka.log.LogCleaner)
[2020-06-22 13:10:50,398] INFO Starting the log cleaner (kafka.log.LogCleaner)
[2020-06-22 13:10:50,430] INFO [kafka-log-cleaner-thread-0]: Starting (kafka.log.LogCleaner)
[2020-06-22 14:09:44,600] INFO Shutting down the log cleaner. (kafka.log.LogCleaner)
[2020-06-22 14:09:44,601] INFO [kafka-log-cleaner-thread-0]: Shutting down (kafka.log.LogCleaner)
[2020-06-22 14:09:44,601] INFO [kafka-log-cleaner-thread-0]: Stopped (kafka.log.LogCleaner)
[2020-06-22 14:09:44,601] INFO [kafka-log-cleaner-thread-0]: Shutdown completed (kafka.log.LogCleaner)
[2020-06-22 14:10:02,691] INFO Starting the log cleaner (kafka.log.LogCleaner)
[2020-06-22 14:10:02,726] INFO [kafka-log-cleaner-thread-0]: Starting (kafka.log.LogCleaner)
[2020-06-22 14:10:08,525] INFO Shutting down the log cleaner. (kafka.log.LogCleaner)
[2020-06-22 14:10:08,525] INFO [kafka-log-cleaner-thread-0]: Shutting down (kafka.log.LogCleaner)
[2020-06-22 14:10:08,526] INFO [kafka-log-cleaner-thread-0]: Stopped (kafka.log.LogCleaner)
[2020-06-22 14:10:08,526] INFO [kafka-log-cleaner-thread-0]: Shutdown completed (kafka.log.LogCleaner)
[2020-06-22 14:11:12,566] INFO Starting the log cleaner (kafka.log.LogCleaner)
[2020-06-22 14:11:12,601] INFO [kafka-log-cleaner-thread-0]: Starting (kafka.log.LogCleaner)
[2020-06-23 10:26:33,711] INFO Starting the log cleaner (kafka.log.LogCleaner)
[2020-06-23 10:26:33,767] INFO [kafka-log-cleaner-thread-0]: Starting (kafka.log.LogCleaner)
[2020-06-23 10:26:34,333] INFO Shutting down the log cleaner. (kafka.log.LogCleaner)
[2020-06-23 10:26:34,333] INFO [kafka-log-cleaner-thread-0]: Shutting down (kafka.log.LogCleaner)
[2020-06-23 10:26:34,333] INFO [kafka-log-cleaner-thread-0]: Stopped (kafka.log.LogCleaner)
[2020-06-23 10:26:34,333] INFO [kafka-log-cleaner-thread-0]: Shutdown completed (kafka.log.LogCleaner)
[2020-06-23 10:27:03,790] INFO Starting the log cleaner (kafka.log.LogCleaner)
[2020-06-23 10:27:03,822] INFO [kafka-log-cleaner-thread-0]: Starting (kafka.log.LogCleaner)
[2020-07-15 17:40:23,933] INFO Starting the log cleaner (kafka.log.LogCleaner)
[2020-07-15 17:40:24,000] INFO [kafka-log-cleaner-thread-0]: Starting (kafka.log.LogCleaner)
[2020-07-15 17:40:25,149] INFO Shutting down the log cleaner. (kafka.log.LogCleaner)
[2020-07-15 17:40:25,149] INFO [kafka-log-cleaner-thread-0]: Shutting down (kafka.log.LogCleaner)
[2020-07-15 17:40:25,149] INFO [kafka-log-cleaner-thread-0]: Stopped (kafka.log.LogCleaner)
[2020-07-15 17:40:25,149] INFO [kafka-log-cleaner-thread-0]: Shutdown completed (kafka.log.LogCleaner)
[2020-07-15 17:40:32,614] INFO Starting the log cleaner (kafka.log.LogCleaner)
[2020-07-15 17:40:32,647] INFO [kafka-log-cleaner-thread-0]: Starting (kafka.log.LogCleaner)
[2020-07-15 17:40:33,655] INFO Shutting down the log cleaner. (kafka.log.LogCleaner)
[2020-07-15 17:40:33,655] INFO [kafka-log-cleaner-thread-0]: Shutting down (kafka.log.LogCleaner)
[2020-07-15 17:40:33,655] INFO [kafka-log-cleaner-thread-0]: Stopped (kafka.log.LogCleaner)
[2020-07-15 17:40:33,656] INFO [kafka-log-cleaner-thread-0]: Shutdown completed (kafka.log.LogCleaner)
[2020-07-15 17:40:46,252] INFO Starting the log cleaner (kafka.log.LogCleaner)
[2020-07-15 17:40:46,286] INFO [kafka-log-cleaner-thread-0]: Starting (kafka.log.LogCleaner)
[2020-07-15 17:42:00,590] INFO Starting the log cleaner (kafka.log.LogCleaner)
[2020-07-15 17:42:00,630] INFO [kafka-log-cleaner-thread-0]: Starting (kafka.log.LogCleaner)
[2020-08-02 02:12:29,162] INFO Starting the log cleaner (kafka.log.LogCleaner)
[2020-08-02 02:12:29,233] INFO [kafka-log-cleaner-thread-0]: Starting (kafka.log.LogCleaner)
[2020-08-02 02:14:58,435] INFO Starting the log cleaner (kafka.log.LogCleaner)
[2020-08-02 02:14:58,501] INFO [kafka-log-cleaner-thread-0]: Starting (kafka.log.LogCleaner)
[2020-08-02 02:14:59,651] INFO Shutting down the log cleaner. (kafka.log.LogCleaner)
[2020-08-02 02:14:59,651] INFO [kafka-log-cleaner-thread-0]: Shutting down (kafka.log.LogCleaner)
[2020-08-02 02:14:59,652] INFO [kafka-log-cleaner-thread-0]: Stopped (kafka.log.LogCleaner)
[2020-08-02 02:14:59,652] INFO [kafka-log-cleaner-thread-0]: Shutdown completed (kafka.log.LogCleaner)
[2020-08-02 02:15:12,722] INFO Starting the log cleaner (kafka.log.LogCleaner)
[2020-08-02 02:15:12,788] INFO [kafka-log-cleaner-thread-0]: Starting (kafka.log.LogCleaner)
[2020-08-02 03:43:10,516] INFO Starting the log cleaner (kafka.log.LogCleaner)
[2020-08-02 03:43:10,581] INFO [kafka-log-cleaner-thread-0]: Starting (kafka.log.LogCleaner)
[2020-08-02 03:43:11,718] INFO Shutting down the log cleaner. (kafka.log.LogCleaner)
[2020-08-02 03:43:11,718] INFO [kafka-log-cleaner-thread-0]: Shutting down (kafka.log.LogCleaner)
[2020-08-02 03:43:11,719] INFO [kafka-log-cleaner-thread-0]: Stopped (kafka.log.LogCleaner)
[2020-08-02 03:43:11,719] INFO [kafka-log-cleaner-thread-0]: Shutdown completed (kafka.log.LogCleaner)
[2020-08-02 03:43:18,508] INFO Starting the log cleaner (kafka.log.LogCleaner)
[2020-08-02 03:43:18,574] INFO [kafka-log-cleaner-thread-0]: Starting (kafka.log.LogCleaner)
[2020-08-02 03:43:19,728] INFO Shutting down the log cleaner. (kafka.log.LogCleaner)
[2020-08-02 03:43:19,729] INFO [kafka-log-cleaner-thread-0]: Shutting down (kafka.log.LogCleaner)
[2020-08-02 03:43:19,730] INFO [kafka-log-cleaner-thread-0]: Stopped (kafka.log.LogCleaner)
[2020-08-02 03:43:19,732] INFO [kafka-log-cleaner-thread-0]: Shutdown completed (kafka.log.LogCleaner)
[2020-08-02 03:43:32,174] INFO Starting the log cleaner (kafka.log.LogCleaner)
[2020-08-02 03:43:32,241] INFO [kafka-log-cleaner-thread-0]: Starting (kafka.log.LogCleaner)
[2020-08-02 05:12:51,960] INFO Starting the log cleaner (kafka.log.LogCleaner)
[2020-08-02 05:12:52,026] INFO [kafka-log-cleaner-thread-0]: Starting (kafka.log.LogCleaner)
[2020-08-02 05:12:53,157] INFO Shutting down the log cleaner. (kafka.log.LogCleaner)
[2020-08-02 05:12:53,158] INFO [kafka-log-cleaner-thread-0]: Shutting down (kafka.log.LogCleaner)
[2020-08-02 05:12:53,158] INFO [kafka-log-cleaner-thread-0]: Stopped (kafka.log.LogCleaner)
[2020-08-02 05:12:53,158] INFO [kafka-log-cleaner-thread-0]: Shutdown completed (kafka.log.LogCleaner)
[2020-08-02 05:12:59,319] INFO Starting the log cleaner (kafka.log.LogCleaner)
[2020-08-02 05:12:59,385] INFO [kafka-log-cleaner-thread-0]: Starting (kafka.log.LogCleaner)
[2020-08-02 05:13:00,529] INFO Shutting down the log cleaner. (kafka.log.LogCleaner)
[2020-08-02 05:13:00,529] INFO [kafka-log-cleaner-thread-0]: Shutting down (kafka.log.LogCleaner)
[2020-08-02 05:13:00,529] INFO [kafka-log-cleaner-thread-0]: Stopped (kafka.log.LogCleaner)
[2020-08-02 05:13:00,529] INFO [kafka-log-cleaner-thread-0]: Shutdown completed (kafka.log.LogCleaner)
[2020-08-02 05:13:06,513] INFO Starting the log cleaner (kafka.log.LogCleaner)
[2020-08-02 05:13:06,579] INFO [kafka-log-cleaner-thread-0]: Starting (kafka.log.LogCleaner)
[2020-08-02 05:18:31,368] INFO Starting the log cleaner (kafka.log.LogCleaner)
[2020-08-02 05:18:31,434] INFO [kafka-log-cleaner-thread-0]: Starting (kafka.log.LogCleaner)
[2020-08-02 05:18:32,590] INFO Shutting down the log cleaner. (kafka.log.LogCleaner)
[2020-08-02 05:18:32,591] INFO [kafka-log-cleaner-thread-0]: Shutting down (kafka.log.LogCleaner)
[2020-08-02 05:18:32,592] INFO [kafka-log-cleaner-thread-0]: Stopped (kafka.log.LogCleaner)
[2020-08-02 05:18:32,592] INFO [kafka-log-cleaner-thread-0]: Shutdown completed (kafka.log.LogCleaner)
[2020-08-02 05:18:54,578] INFO Starting the log cleaner (kafka.log.LogCleaner)
[2020-08-02 05:18:54,645] INFO [kafka-log-cleaner-thread-0]: Starting (kafka.log.LogCleaner)
[2020-07-18 09:31:01,835] INFO Starting the log cleaner (kafka.log.LogCleaner)
[2020-07-18 09:31:01,896] INFO [kafka-log-cleaner-thread-0]: Starting (kafka.log.LogCleaner)
[2020-07-18 09:44:27,694] INFO Starting the log cleaner (kafka.log.LogCleaner)
[2020-07-18 09:44:27,751] INFO [kafka-log-cleaner-thread-0]: Starting (kafka.log.LogCleaner)
[2020-07-18 09:44:28,796] INFO Shutting down the log cleaner. (kafka.log.LogCleaner)
[2020-07-18 09:44:28,796] INFO [kafka-log-cleaner-thread-0]: Shutting down (kafka.log.LogCleaner)
[2020-07-18 09:44:28,796] INFO [kafka-log-cleaner-thread-0]: Stopped (kafka.log.LogCleaner)
[2020-07-18 09:44:28,796] INFO [kafka-log-cleaner-thread-0]: Shutdown completed (kafka.log.LogCleaner)
[2020-07-18 09:44:39,274] INFO Starting the log cleaner (kafka.log.LogCleaner)
[2020-07-18 09:44:39,331] INFO [kafka-log-cleaner-thread-0]: Starting (kafka.log.LogCleaner)
[2020-07-18 09:44:40,177] INFO Shutting down the log cleaner. (kafka.log.LogCleaner)
[2020-07-18 09:44:40,177] INFO [kafka-log-cleaner-thread-0]: Shutting down (kafka.log.LogCleaner)
[2020-07-18 09:44:40,177] INFO [kafka-log-cleaner-thread-0]: Stopped (kafka.log.LogCleaner)
[2020-07-18 09:44:40,177] INFO [kafka-log-cleaner-thread-0]: Shutdown completed (kafka.log.LogCleaner)
[2020-07-18 09:44:52,770] INFO Starting the log cleaner (kafka.log.LogCleaner)
[2020-07-18 09:44:52,828] INFO [kafka-log-cleaner-thread-0]: Starting (kafka.log.LogCleaner)
[2020-07-18 09:47:11,630] INFO Starting the log cleaner (kafka.log.LogCleaner)
[2020-07-18 09:47:11,687] INFO [kafka-log-cleaner-thread-0]: Starting (kafka.log.LogCleaner)
[2020-07-18 09:47:12,534] INFO Shutting down the log cleaner. (kafka.log.LogCleaner)
[2020-07-18 09:47:12,534] INFO [kafka-log-cleaner-thread-0]: Shutting down (kafka.log.LogCleaner)
[2020-07-18 09:47:12,535] INFO [kafka-log-cleaner-thread-0]: Stopped (kafka.log.LogCleaner)
[2020-07-18 09:47:12,535] INFO [kafka-log-cleaner-thread-0]: Shutdown completed (kafka.log.LogCleaner)
[2020-07-18 09:47:17,512] INFO Starting the log cleaner (kafka.log.LogCleaner)
[2020-07-18 09:47:17,569] INFO [kafka-log-cleaner-thread-0]: Starting (kafka.log.LogCleaner)
[2020-07-18 09:47:18,416] INFO Shutting down the log cleaner. (kafka.log.LogCleaner)
[2020-07-18 09:47:18,416] INFO [kafka-log-cleaner-thread-0]: Shutting down (kafka.log.LogCleaner)
[2020-07-18 09:47:18,417] INFO [kafka-log-cleaner-thread-0]: Stopped (kafka.log.LogCleaner)
[2020-07-18 09:47:18,417] INFO [kafka-log-cleaner-thread-0]: Shutdown completed (kafka.log.LogCleaner)
[2020-07-18 09:47:25,229] INFO Starting the log cleaner (kafka.log.LogCleaner)
[2020-07-18 09:47:25,286] INFO [kafka-log-cleaner-thread-0]: Starting (kafka.log.LogCleaner)
[2020-07-18 09:47:26,336] INFO Shutting down the log cleaner. (kafka.log.LogCleaner)
[2020-07-18 09:47:26,336] INFO [kafka-log-cleaner-thread-0]: Shutting down (kafka.log.LogCleaner)
[2020-07-18 09:47:26,337] INFO [kafka-log-cleaner-thread-0]: Stopped (kafka.log.LogCleaner)
[2020-07-18 09:47:26,337] INFO [kafka-log-cleaner-thread-0]: Shutdown completed (kafka.log.LogCleaner)
[2020-07-18 09:47:32,393] INFO Starting the log cleaner (kafka.log.LogCleaner)
[2020-07-18 09:47:32,451] INFO [kafka-log-cleaner-thread-0]: Starting (kafka.log.LogCleaner)
[2020-07-18 09:54:17,724] INFO Starting the log cleaner (kafka.log.LogCleaner)
[2020-07-18 09:54:17,782] INFO [kafka-log-cleaner-thread-0]: Starting (kafka.log.LogCleaner)
[2020-07-18 09:54:18,634] INFO Shutting down the log cleaner. (kafka.log.LogCleaner)
[2020-07-18 09:54:18,634] INFO [kafka-log-cleaner-thread-0]: Shutting down (kafka.log.LogCleaner)
[2020-07-18 09:54:18,634] INFO [kafka-log-cleaner-thread-0]: Stopped (kafka.log.LogCleaner)
[2020-07-18 09:54:18,635] INFO [kafka-log-cleaner-thread-0]: Shutdown completed (kafka.log.LogCleaner)
[2020-07-18 09:54:23,612] INFO Starting the log cleaner (kafka.log.LogCleaner)
[2020-07-18 09:54:23,670] INFO [kafka-log-cleaner-thread-0]: Starting (kafka.log.LogCleaner)
[2020-07-18 09:54:24,719] INFO Shutting down the log cleaner. (kafka.log.LogCleaner)
[2020-07-18 09:54:24,719] INFO [kafka-log-cleaner-thread-0]: Shutting down (kafka.log.LogCleaner)
[2020-07-18 09:54:24,720] INFO [kafka-log-cleaner-thread-0]: Stopped (kafka.log.LogCleaner)
[2020-07-18 09:54:24,720] INFO [kafka-log-cleaner-thread-0]: Shutdown completed (kafka.log.LogCleaner)
[2020-07-18 09:54:29,416] INFO Starting the log cleaner (kafka.log.LogCleaner)
[2020-07-18 09:54:29,473] INFO [kafka-log-cleaner-thread-0]: Starting (kafka.log.LogCleaner)
[2020-07-18 09:54:30,519] INFO Shutting down the log cleaner. (kafka.log.LogCleaner)
[2020-07-18 09:54:30,520] INFO [kafka-log-cleaner-thread-0]: Shutting down (kafka.log.LogCleaner)
[2020-07-18 09:54:30,520] INFO [kafka-log-cleaner-thread-0]: Stopped (kafka.log.LogCleaner)
[2020-07-18 09:54:30,520] INFO [kafka-log-cleaner-thread-0]: Shutdown completed (kafka.log.LogCleaner)
