[2020-07-18 09:30:48,678] DEBUG preRegister called. Server=com.sun.jmx.mbeanserver.JmxMBeanServer@25618e91, name=log4j:logger=state.change.logger (state.change.logger)
[2020-07-18 09:31:02,528] TRACE [Controller id=0 epoch=1] Received response {error_code=0,_tagged_fields={}} for request UPDATE_METADATA with correlation id 0 sent to broker localhost:9092 (id: 0 rack: null) (state.change.logger)
[2020-07-18 09:35:58,656] TRACE [Controller id=0 epoch=1] Changed partition p13-system-offer-0 state from NonExistentPartition to NewPartition with assigned replicas 0 (state.change.logger)
[2020-07-18 09:35:58,663] TRACE [Controller id=0 epoch=1] Changed state of replica 0 for partition p13-system-offer-0 from NonExistentReplica to NewReplica (state.change.logger)
[2020-07-18 09:35:58,768] TRACE [Controller id=0 epoch=1] Changed partition p13-system-offer-0 from NewPartition to OnlinePartition with state LeaderAndIsr(leader=0, leaderEpoch=0, isr=List(0), zkVersion=0) (state.change.logger)
[2020-07-18 09:35:58,770] TRACE [Controller id=0 epoch=1] Sending become-leader LeaderAndIsr request LeaderAndIsrPartitionState(topicName='p13-system-offer', partitionIndex=0, controllerEpoch=1, leader=0, leaderEpoch=0, isr=[0], zkVersion=0, replicas=[0], addingReplicas=[], removingReplicas=[], isNew=true) to broker 0 for partition p13-system-offer-0 (state.change.logger)
[2020-07-18 09:35:58,774] TRACE [Controller id=0 epoch=1] Sending UpdateMetadata request UpdateMetadataPartitionState(topicName='p13-system-offer', partitionIndex=0, controllerEpoch=1, leader=0, leaderEpoch=0, isr=[0], zkVersion=0, replicas=[0], offlineReplicas=[]) to brokers Set(0) for partition p13-system-offer-0 (state.change.logger)
[2020-07-18 09:35:58,776] TRACE [Controller id=0 epoch=1] Changed state of replica 0 for partition p13-system-offer-0 from NewReplica to OnlineReplica (state.change.logger)
[2020-07-18 09:35:58,776] TRACE [Broker id=0] Received LeaderAndIsr request LeaderAndIsrPartitionState(topicName='p13-system-offer', partitionIndex=0, controllerEpoch=1, leader=0, leaderEpoch=0, isr=[0], zkVersion=0, replicas=[0], addingReplicas=[], removingReplicas=[], isNew=true) correlation id 1 from controller 0 epoch 1 (state.change.logger)
[2020-07-18 09:35:58,788] TRACE [Broker id=0] Handling LeaderAndIsr request correlationId 1 from controller 0 epoch 1 starting the become-leader transition for partition p13-system-offer-0 (state.change.logger)
[2020-07-18 09:35:58,957] TRACE [Broker id=0] Stopped fetchers as part of become-leader request from controller 0 epoch 1 with correlation id 1 for partition p13-system-offer-0 (last update controller epoch 1) (state.change.logger)
[2020-07-18 09:35:58,958] TRACE [Broker id=0] Completed LeaderAndIsr request correlationId 1 from controller 0 epoch 1 for the become-leader transition for partition p13-system-offer-0 (state.change.logger)
[2020-07-18 09:35:58,966] TRACE [Controller id=0 epoch=1] Received response {error_code=0,partition_errors=[{topic_name=p13-system-offer,partition_index=0,error_code=0,_tagged_fields={}}],_tagged_fields={}} for request LEADER_AND_ISR with correlation id 1 sent to broker localhost:9092 (id: 0 rack: null) (state.change.logger)
[2020-07-18 09:35:58,971] TRACE [Broker id=0] Cached leader info UpdateMetadataPartitionState(topicName='p13-system-offer', partitionIndex=0, controllerEpoch=1, leader=0, leaderEpoch=0, isr=[0], zkVersion=0, replicas=[0], offlineReplicas=[]) for partition p13-system-offer-0 in response to UpdateMetadata request sent by controller 0 epoch 1 with correlation id 2 (state.change.logger)
[2020-07-18 09:35:58,972] TRACE [Controller id=0 epoch=1] Received response {error_code=0,_tagged_fields={}} for request UPDATE_METADATA with correlation id 2 sent to broker localhost:9092 (id: 0 rack: null) (state.change.logger)
[2020-07-18 09:44:22,311] DEBUG preRegister called. Server=com.sun.jmx.mbeanserver.JmxMBeanServer@25618e91, name=log4j:logger=state.change.logger (state.change.logger)
[2020-07-18 09:44:53,344] TRACE [Controller id=0 epoch=2] Changed state of replica 0 for partition p13-system-offer-0 from OnlineReplica to OnlineReplica (state.change.logger)
[2020-07-18 09:44:53,347] TRACE [Controller id=0 epoch=2] Sending become-leader LeaderAndIsr request LeaderAndIsrPartitionState(topicName='p13-system-offer', partitionIndex=0, controllerEpoch=1, leader=0, leaderEpoch=0, isr=[0], zkVersion=0, replicas=[0], addingReplicas=[], removingReplicas=[], isNew=false) to broker 0 for partition p13-system-offer-0 (state.change.logger)
[2020-07-18 09:44:53,349] TRACE [Controller id=0 epoch=2] Sending UpdateMetadata request UpdateMetadataPartitionState(topicName='p13-system-offer', partitionIndex=0, controllerEpoch=1, leader=0, leaderEpoch=0, isr=[0], zkVersion=0, replicas=[0], offlineReplicas=[]) to brokers Set(0) for partition p13-system-offer-0 (state.change.logger)
[2020-07-18 09:44:53,386] TRACE [Controller id=0 epoch=2] Received response {error_code=0,_tagged_fields={}} for request UPDATE_METADATA with correlation id 0 sent to broker localhost:9092 (id: 0 rack: null) (state.change.logger)
[2020-07-18 09:44:53,390] TRACE [Broker id=0] Received LeaderAndIsr request LeaderAndIsrPartitionState(topicName='p13-system-offer', partitionIndex=0, controllerEpoch=1, leader=0, leaderEpoch=0, isr=[0], zkVersion=0, replicas=[0], addingReplicas=[], removingReplicas=[], isNew=false) correlation id 1 from controller 0 epoch 2 (state.change.logger)
[2020-07-18 09:44:53,404] TRACE [Broker id=0] Handling LeaderAndIsr request correlationId 1 from controller 0 epoch 2 starting the become-leader transition for partition p13-system-offer-0 (state.change.logger)
[2020-07-18 09:44:53,419] TRACE [Broker id=0] Stopped fetchers as part of become-leader request from controller 0 epoch 2 with correlation id 1 for partition p13-system-offer-0 (last update controller epoch 1) (state.change.logger)
[2020-07-18 09:44:53,420] TRACE [Broker id=0] Completed LeaderAndIsr request correlationId 1 from controller 0 epoch 2 for the become-leader transition for partition p13-system-offer-0 (state.change.logger)
[2020-07-18 09:44:53,427] TRACE [Controller id=0 epoch=2] Received response {error_code=0,partition_errors=[{topic_name=p13-system-offer,partition_index=0,error_code=0,_tagged_fields={}}],_tagged_fields={}} for request LEADER_AND_ISR with correlation id 1 sent to broker localhost:9092 (id: 0 rack: null) (state.change.logger)
[2020-07-18 09:44:53,434] TRACE [Broker id=0] Cached leader info UpdateMetadataPartitionState(topicName='p13-system-offer', partitionIndex=0, controllerEpoch=1, leader=0, leaderEpoch=0, isr=[0], zkVersion=0, replicas=[0], offlineReplicas=[]) for partition p13-system-offer-0 in response to UpdateMetadata request sent by controller 0 epoch 2 with correlation id 2 (state.change.logger)
[2020-07-18 09:44:53,435] TRACE [Controller id=0 epoch=2] Received response {error_code=0,_tagged_fields={}} for request UPDATE_METADATA with correlation id 2 sent to broker localhost:9092 (id: 0 rack: null) (state.change.logger)
[2020-07-18 09:47:09,266] DEBUG preRegister called. Server=com.sun.jmx.mbeanserver.JmxMBeanServer@25618e91, name=log4j:logger=state.change.logger (state.change.logger)
[2020-07-18 09:47:32,988] TRACE [Controller id=0 epoch=3] Changed state of replica 0 for partition p13-system-offer-0 from OnlineReplica to OnlineReplica (state.change.logger)
[2020-07-18 09:47:32,989] TRACE [Controller id=0 epoch=3] Sending become-leader LeaderAndIsr request LeaderAndIsrPartitionState(topicName='p13-system-offer', partitionIndex=0, controllerEpoch=1, leader=0, leaderEpoch=0, isr=[0], zkVersion=0, replicas=[0], addingReplicas=[], removingReplicas=[], isNew=false) to broker 0 for partition p13-system-offer-0 (state.change.logger)
[2020-07-18 09:47:32,992] TRACE [Controller id=0 epoch=3] Sending UpdateMetadata request UpdateMetadataPartitionState(topicName='p13-system-offer', partitionIndex=0, controllerEpoch=1, leader=0, leaderEpoch=0, isr=[0], zkVersion=0, replicas=[0], offlineReplicas=[]) to brokers Set(0) for partition p13-system-offer-0 (state.change.logger)
[2020-07-18 09:47:33,026] TRACE [Controller id=0 epoch=3] Received response {error_code=0,_tagged_fields={}} for request UPDATE_METADATA with correlation id 0 sent to broker localhost:9092 (id: 0 rack: null) (state.change.logger)
[2020-07-18 09:47:33,030] TRACE [Broker id=0] Received LeaderAndIsr request LeaderAndIsrPartitionState(topicName='p13-system-offer', partitionIndex=0, controllerEpoch=1, leader=0, leaderEpoch=0, isr=[0], zkVersion=0, replicas=[0], addingReplicas=[], removingReplicas=[], isNew=false) correlation id 1 from controller 0 epoch 3 (state.change.logger)
[2020-07-18 09:47:33,041] TRACE [Broker id=0] Handling LeaderAndIsr request correlationId 1 from controller 0 epoch 3 starting the become-leader transition for partition p13-system-offer-0 (state.change.logger)
[2020-07-18 09:47:33,058] TRACE [Broker id=0] Stopped fetchers as part of become-leader request from controller 0 epoch 3 with correlation id 1 for partition p13-system-offer-0 (last update controller epoch 1) (state.change.logger)
[2020-07-18 09:47:33,058] TRACE [Broker id=0] Completed LeaderAndIsr request correlationId 1 from controller 0 epoch 3 for the become-leader transition for partition p13-system-offer-0 (state.change.logger)
[2020-07-18 09:47:33,065] TRACE [Controller id=0 epoch=3] Received response {error_code=0,partition_errors=[{topic_name=p13-system-offer,partition_index=0,error_code=0,_tagged_fields={}}],_tagged_fields={}} for request LEADER_AND_ISR with correlation id 1 sent to broker localhost:9092 (id: 0 rack: null) (state.change.logger)
[2020-07-18 09:47:33,069] TRACE [Broker id=0] Cached leader info UpdateMetadataPartitionState(topicName='p13-system-offer', partitionIndex=0, controllerEpoch=1, leader=0, leaderEpoch=0, isr=[0], zkVersion=0, replicas=[0], offlineReplicas=[]) for partition p13-system-offer-0 in response to UpdateMetadata request sent by controller 0 epoch 3 with correlation id 2 (state.change.logger)
[2020-07-18 09:47:33,070] TRACE [Controller id=0 epoch=3] Received response {error_code=0,_tagged_fields={}} for request UPDATE_METADATA with correlation id 2 sent to broker localhost:9092 (id: 0 rack: null) (state.change.logger)
[2020-07-18 09:54:14,035] DEBUG preRegister called. Server=com.sun.jmx.mbeanserver.JmxMBeanServer@25618e91, name=log4j:logger=state.change.logger (state.change.logger)
[2020-07-18 09:54:36,928] TRACE [Controller id=0 epoch=4] Changed state of replica 0 for partition p13-system-offer-0 from OnlineReplica to OnlineReplica (state.change.logger)
[2020-07-18 09:54:36,931] TRACE [Controller id=0 epoch=4] Sending become-leader LeaderAndIsr request LeaderAndIsrPartitionState(topicName='p13-system-offer', partitionIndex=0, controllerEpoch=1, leader=0, leaderEpoch=0, isr=[0], zkVersion=0, replicas=[0], addingReplicas=[], removingReplicas=[], isNew=false) to broker 0 for partition p13-system-offer-0 (state.change.logger)
[2020-07-18 09:54:36,932] TRACE [Controller id=0 epoch=4] Sending UpdateMetadata request UpdateMetadataPartitionState(topicName='p13-system-offer', partitionIndex=0, controllerEpoch=1, leader=0, leaderEpoch=0, isr=[0], zkVersion=0, replicas=[0], offlineReplicas=[]) to brokers Set(0) for partition p13-system-offer-0 (state.change.logger)
[2020-07-18 09:54:36,976] TRACE [Controller id=0 epoch=4] Received response {error_code=0,_tagged_fields={}} for request UPDATE_METADATA with correlation id 0 sent to broker localhost:9092 (id: 0 rack: null) (state.change.logger)
[2020-07-18 09:54:36,980] TRACE [Broker id=0] Received LeaderAndIsr request LeaderAndIsrPartitionState(topicName='p13-system-offer', partitionIndex=0, controllerEpoch=1, leader=0, leaderEpoch=0, isr=[0], zkVersion=0, replicas=[0], addingReplicas=[], removingReplicas=[], isNew=false) correlation id 1 from controller 0 epoch 4 (state.change.logger)
[2020-07-18 09:54:36,996] TRACE [Broker id=0] Handling LeaderAndIsr request correlationId 1 from controller 0 epoch 4 starting the become-leader transition for partition p13-system-offer-0 (state.change.logger)
[2020-07-18 09:54:37,011] TRACE [Broker id=0] Stopped fetchers as part of become-leader request from controller 0 epoch 4 with correlation id 1 for partition p13-system-offer-0 (last update controller epoch 1) (state.change.logger)
[2020-07-18 09:54:37,012] TRACE [Broker id=0] Completed LeaderAndIsr request correlationId 1 from controller 0 epoch 4 for the become-leader transition for partition p13-system-offer-0 (state.change.logger)
[2020-07-18 09:54:37,018] TRACE [Controller id=0 epoch=4] Received response {error_code=0,partition_errors=[{topic_name=p13-system-offer,partition_index=0,error_code=0,_tagged_fields={}}],_tagged_fields={}} for request LEADER_AND_ISR with correlation id 1 sent to broker localhost:9092 (id: 0 rack: null) (state.change.logger)
[2020-07-18 09:54:37,022] TRACE [Broker id=0] Cached leader info UpdateMetadataPartitionState(topicName='p13-system-offer', partitionIndex=0, controllerEpoch=1, leader=0, leaderEpoch=0, isr=[0], zkVersion=0, replicas=[0], offlineReplicas=[]) for partition p13-system-offer-0 in response to UpdateMetadata request sent by controller 0 epoch 4 with correlation id 2 (state.change.logger)
[2020-07-18 09:54:37,023] TRACE [Controller id=0 epoch=4] Received response {error_code=0,_tagged_fields={}} for request UPDATE_METADATA with correlation id 2 sent to broker localhost:9092 (id: 0 rack: null) (state.change.logger)
